buff pos:2699   seq:2496 len:661
buff pos:3366   seq:66 len:816
buff pos:4188   seq:2510 len:801
buff pos:4995   seq:2838 len:929
buff pos reset, rest:431
buff pos:0      seq:2350 len:1165
buff pos reset, rest:660
buff pos:0      seq:1778 len:1048
buff pos:1054   seq:2648 len:894
buff pos reset, rest:106
buff pos:0      seq:1731 len:1205
buff pos:1211   seq:1763 len:773
buff pos:1990   seq:2795 len:1024
buff pos:3020   seq:2073 len:948
buff pos:3974   seq:2791 len:1243
buff pos reset, rest:483
buff pos:0      seq:2120 len:1183
buff pos:1189   seq:96 len:907
buff pos:2102   seq:1212 len:854
buff pos reset, rest:321
buff pos:0      seq:1049 len:1128
buff pos:1134   seq:1866 len:1197
buff pos:2337   seq:2859 len:1279
buff pos:3622   seq:2218 len:1184
buff pos:4812   seq:2149 len:1014
buff pos reset, rest:89
buff pos:0      seq:734 len:739
buff pos:745    seq:2176 len:1249
buff pos:2000   seq:2457 len:967
buff pos:2973   seq:2101 len:968
buff pos:3947   seq:1451 len:772
buff pos reset, rest:964
buff pos:0      seq:3019 len:1226
buff pos:1232   seq:509 len:1029
buff pos:2267   seq:2912 len:1080
buff pos:3353   seq:1065 len:1201
buff pos reset, rest:604
buff pos:0      seq:1603 len:714
buff pos:720    seq:483 len:1252
buff pos:1978   seq:2967 len:1226
buff pos:3210   seq:2776 len:1093
buff pos:4309   seq:3005 len:687
buff pos:5002   seq:3009 len:1184
buff pos:6192   seq:2206 len:1055
buff pos:7253   seq:2249 len:859
buff pos:8118   seq:2382 len:1005
buff pos:9129   seq:686 len:996
buff pos:10131  seq:1789 len:979
buff pos:11116  seq:122 len:990
buff pos reset, rest:1092
buff pos:0      seq:650 len:1115
buff pos:1121   seq:1407 len:897
buff pos:2024   seq:1516 len:965
buff pos reset, rest:897
buff pos:0      seq:572 len:939
buff pos:945    seq:1166 len:640
buff pos:1591   seq:2409 len:1232
buff pos:2829   seq:1852 len:839
buff pos:3674   seq:2750 len:1232
buff pos reset, rest:185
buff pos:0      seq:235 len:961
buff pos:967    seq:269 len:920
buff pos:1893   seq:2763 len:642
buff pos reset, rest:444
buff pos:0      seq:2544 len:746
buff pos:752    seq:653 len:1083
buff pos:1841   seq:938 len:845
buff pos:2692   seq:1608 len:935
buff pos:3633   seq:1665 len:1051
buff pos:4690   seq:3004 len:769
buff pos:5465   seq:1227 len:1233
buff pos:6704   seq:1555 len:888
buff pos:7598   seq:1770 len:1228
buff pos:8832   seq:1444 len:681
buff pos reset, rest:725
buff pos:0      seq:1803 len:1230
buff pos:1236   seq:404 len:1232
buff pos:2474   seq:2030 len:1016
buff pos reset, rest:29
buff pos:0      seq:336 len:1249
buff pos:1255   seq:305 len:1049
buff pos reset, rest:519
buff pos:0      seq:2771 len:834
buff pos:840    seq:1590 len:689
buff pos:1535   seq:2425 len:1180
buff pos reset, rest:598
buff pos:0      seq:717 len:880
buff pos:886    seq:2282 len:1265
buff pos:2157   seq:1919 len:1011
buff pos:3174   seq:703 len:1058
buff pos reset, rest:560
buff pos:0      seq:2061 len:867
buff pos:873    seq:2999 len:804
buff pos:1683   seq:2927 len:982
buff pos reset, rest:689
buff pos:0      seq:1264 len:706
buff pos:712    seq:789 len:891
buff pos:1609   seq:1041 len:809
buff pos:2424   seq:1247 len:690
buff pos:3120   seq:395 len:976
buff pos reset, rest:787
buff pos:0      seq:2506 len:1128
buff pos:1134   seq:2574 len:1190
buff pos:2330   seq:2399 len:1003
buff pos reset, rest:248
buff pos:0      seq:2799 len:846
buff pos:852    seq:807 len:1157
buff pos:2015   seq:3032 len:1229
buff pos reset, rest:1198
buff pos:0      seq:128 len:1254
buff pos:1260   seq:173 len:824
buff pos:2090   seq:898 len:707
buff pos reset, rest:1195
buff pos:0      seq:1514 len:1207
buff pos:1213   seq:806 len:1011
buff pos:2230   seq:316 len:745
buff pos:2981   seq:1790 len:840
buff pos:3827   seq:1895 len:839
buff pos:4672   seq:899 len:708
buff pos reset, rest:9
buff pos:0      seq:181 len:904
buff pos:910    seq:23 len:1080
buff pos reset, rest:813
buff pos:0      seq:705 len:952
buff pos:958    seq:2717 len:864
buff pos:1828   seq:1008 len:969
buff pos:2803   seq:1810 len:1146
buff pos:3955   seq:2938 len:719
buff pos:4680   seq:1839 len:1209
buff pos reset, rest:518
buff pos:0      seq:926 len:1239
buff pos:1245   seq:1920 len:1078
buff pos:2329   seq:531 len:1032
buff pos:3367   seq:151 len:1032
buff pos:4405   seq:1337 len:1263
buff pos:5674   seq:843 len:680
buff pos:6360   seq:2573 len:662
buff pos:7028   seq:1720 len:700
buff pos:7734   seq:2018 len:1121
buff pos reset, rest:57
buff pos:0      seq:1876 len:967
buff pos:973    seq:28 len:816
buff pos:1795   seq:2977 len:836
buff pos:2637   seq:967 len:1069
buff pos:3712   seq:253 len:1178
buff pos reset, rest:761
buff pos:0      seq:1454 len:929
buff pos:935    seq:611 len:840
buff pos:1781   seq:669 len:741
buff pos:2528   seq:342 len:794
buff pos:3328   seq:3001 len:983
buff pos:4317   seq:1463 len:1061
buff pos:5384   seq:341 len:777
buff pos reset, rest:194
buff pos:0      seq:16 len:731
buff pos:737    seq:657 len:715
buff pos:1458   seq:2412 len:677
buff pos:2141   seq:2378 len:688
buff pos:2835   seq:1747 len:1164
buff pos reset, rest:389
buff pos:0      seq:1548 len:837
buff pos:843    seq:231 len:932
buff pos:1781   seq:1350 len:867
buff pos:2654   seq:1907 len:1116
buff pos:3776   seq:2709 len:1021
buff pos:4803   seq:1815 len:878
buff pos:5687   seq:2913 len:749
buff pos reset, rest:313
buff pos:0      seq:948 len:785
buff pos:791    seq:1266 len:1099
buff pos:1896   seq:1716 len:1128
buff pos:3030   seq:1912 len:812
buff pos:3848   seq:941 len:799
buff pos:4653   seq:1996 len:842
buff pos reset, rest:412
buff pos:0      seq:2213 len:1063
buff pos:1069   seq:1558 len:872
buff pos:1947   seq:2223 len:1216
buff pos:3169   seq:771 len:762
buff pos:3937   seq:1475 len:1071
buff pos:5014   seq:1823 len:971
buff pos reset, rest:21
buff pos:0      seq:1801 len:978
buff pos:984    seq:1142 len:765
buff pos:1755   seq:818 len:990
buff pos:2751   seq:1346 len:1051
buff pos:3808   seq:1699 len:1276
buff pos:5090   seq:2713 len:1014
buff pos:6110   seq:487 len:1137
buff pos:7253   seq:2450 len:1087
buff pos:8346   seq:2674 len:728
buff pos:9080   seq:2949 len:790
buff pos:9876   seq:1701 len:1034
buff pos reset, rest:305
buff pos:0      seq:1484 len:957
buff pos:963    seq:2774 len:1164
buff pos:2133   seq:1751 len:1190
buff pos:3329   seq:280 len:1124
buff pos:4459   seq:1034 len:1277
buff pos reset, rest:163
buff pos:0      seq:222 len:1200
buff pos reset, rest:357
buff pos:0      seq:1507 len:670
buff pos:676    seq:896 len:1068
buff pos:1750   seq:635 len:972
buff pos:2728   seq:1105 len:943
buff pos:3677   seq:1132 len:1211
buff pos:4894   seq:1072 len:1133
buff pos:6033   seq:1840 len:1146
buff pos:7185   seq:1409 len:1084
buff pos:8275   seq:2800 len:1033
buff pos:9314   seq:861 len:730
buff pos:10050  seq:1165 len:911
buff pos:10967  seq:991 len:1271
buff pos:12244  seq:970 len:954
buff pos:13204  seq:112 len:713
buff pos reset, rest:434
buff pos:0      seq:83 len:786
buff pos:792    seq:2959 len:733
buff pos reset, rest:303
buff pos:0      seq:831 len:910
buff pos:916    seq:1524 len:1155
buff pos:2077   seq:265 len:724
buff pos:2807   seq:1531 len:1030
buff pos:3843   seq:319 len:923
buff pos:4772   seq:2418 len:702
buff pos reset, rest:423
buff pos:0      seq:1881 len:1188
buff pos:1194   seq:2850 len:1237
buff pos reset, rest:786
buff pos:0      seq:2055 len:1046
buff pos:1052   seq:2557 len:1075
buff pos reset, rest:53
buff pos:0      seq:1921 len:1261
buff pos reset, rest:186
buff pos:0      seq:783 len:1243
buff pos:1249   seq:1802 len:953
buff pos:2208   seq:346 len:942
buff pos:3156   seq:720 len:1161
buff pos reset, rest:63
buff pos:0      seq:1891 len:1109
buff pos:1115   seq:1146 len:770
buff pos:1891   seq:2300 len:678
buff pos reset, rest:288
buff pos:0      seq:910 len:892
buff pos:898    seq:2488 len:760
buff pos:1664   seq:355 len:911
buff pos reset, rest:507
buff pos:0      seq:2994 len:685
buff pos:691    seq:2989 len:653
buff pos:1350   seq:678 len:1150
buff pos:2506   seq:1435 len:686
buff pos:3198   seq:3033 len:773
buff pos:3977   seq:2362 len:969
buff pos reset, rest:1155
buff pos:0      seq:3039 len:1231
buff pos:1237   seq:2556 len:1007
buff pos reset, rest:305
buff pos:0      seq:1367 len:1052
buff pos:1058   seq:2397 len:899
buff pos reset, rest:1142
buff pos:0      seq:166 len:1140
buff pos:1146   seq:329 len:785
buff pos:1937   seq:2757 len:982
buff pos:2925   seq:973 len:1234
buff pos:4165   seq:2307 len:983
buff pos:5154   seq:1322 len:1120
buff pos:6280   seq:2004 len:789
buff pos:7075   seq:2349 len:742
buff pos reset, rest:319
buff pos:0      seq:2059 len:1238
buff pos reset, rest:475
buff pos:0      seq:1767 len:1225
buff pos:1231   seq:170 len:1232
buff pos:2469   seq:883 len:938
buff pos:3413   seq:291 len:685
buff pos reset, rest:571
buff pos:0      seq:2162 len:845
buff pos:851    seq:1405 len:1173
buff pos:2030   seq:1674 len:870
buff pos:2906   seq:2363 len:661
buff pos:3573   seq:1384 len:1117
buff pos:4696   seq:1052 len:920
buff pos:5622   seq:1818 len:1278
buff pos:6906   seq:2570 len:702
buff pos:7614   seq:2627 len:864
buff pos reset, rest:487
buff pos:0      seq:874 len:689
buff pos:695    seq:2053 len:760
buff pos:1461   seq:2944 len:1062
buff pos reset, rest:758
buff pos:0      seq:158 len:1212
buff pos:1218   seq:923 len:1221
buff pos:2445   seq:2807 len:921
buff pos reset, rest:186
buff pos:0      seq:219 len:1029
buff pos reset, rest:551
buff pos:0      seq:2244 len:1088
buff pos:1094   seq:2367 len:999
buff pos:2099   seq:921 len:1262
buff pos:3367   seq:39 len:1216
buff pos:4589   seq:2509 len:730
buff pos:5325   seq:0 len:1276
buff pos:6607   seq:476 len:867
buff pos:7480   seq:556 len:871
buff pos reset, rest:594
buff pos:0      seq:1128 len:699
buff pos:705    seq:1127 len:961
buff pos:1672   seq:2948 len:1264
buff pos:2942   seq:1250 len:1203
buff pos:4151   seq:934 len:931
buff pos:5088   seq:826 len:1068
buff pos:6162   seq:1648 len:927
buff pos:7095   seq:2936 len:1169
buff pos:8270   seq:513 len:1062
buff pos:9338   seq:1101 len:1035
buff pos reset, rest:15
buff pos:0      seq:2753 len:652
buff pos:658    seq:606 len:1193
buff pos:1857   seq:2900 len:823
buff pos reset, rest:129
buff pos:0      seq:1645 len:1178
buff pos reset, rest:345
buff pos:0      seq:1734 len:1104
buff pos:1110   seq:2652 len:730
buff pos:1846   seq:1318 len:1080
buff pos reset, rest:213
buff pos:0      seq:1056 len:858
buff pos:864    seq:1438 len:1054
buff pos:1924   seq:2607 len:1211
buff pos:3141   seq:1533 len:685
buff pos:3832   seq:996 len:1098
buff pos:4936   seq:1911 len:1176
buff pos:6118   seq:1467 len:885
buff pos:7009   seq:2452 len:849
buff pos:7864   seq:1150 len:1055
buff pos:8925   seq:521 len:813
buff pos:9744   seq:15 len:741
buff pos:10491  seq:1210 len:674
buff pos reset, rest:242
buff pos:0      seq:8 len:755
buff pos:761    seq:1960 len:865
buff pos:1632   seq:405 len:886
buff pos reset, rest:518
buff pos:0      seq:2814 len:1152
buff pos:1158   seq:1339 len:803
buff pos:1967   seq:332 len:654
buff pos reset, rest:691
buff pos:0      seq:194 len:944
buff pos reset, rest:1141
buff pos:0      seq:1627 len:1216
buff pos:1222   seq:565 len:686
buff pos:1914   seq:42 len:819
buff pos:2739   seq:1009 len:863
buff pos reset, rest:333
buff pos:0      seq:2192 len:1208
buff pos reset, rest:519
buff pos:0      seq:208 len:961
buff pos:967    seq:2577 len:1146
buff pos:2119   seq:2335 len:1277
buff pos:3402   seq:2170 len:660
buff pos reset, rest:651
buff pos:0      seq:1827 len:697
buff pos:703    seq:859 len:797
buff pos:1506   seq:327 len:1213
buff pos:2725   seq:1092 len:1122
buff pos:3853   seq:199 len:751
buff pos:4610   seq:1424 len:1128
buff pos:5744   seq:1087 len:1073
buff pos reset, rest:828
buff pos:0      seq:20 len:1087
buff pos:1093   seq:925 len:977
buff pos:2076   seq:478 len:988
buff pos reset, rest:558
buff pos:0      seq:753 len:703
buff pos:709    seq:2647 len:1110
buff pos reset, rest:133
buff pos:0      seq:135 len:652
buff pos:658    seq:2707 len:786
buff pos:1450   seq:1535 len:707
buff pos reset, rest:770
buff pos:0      seq:834 len:903
buff pos:909    seq:2100 len:1164
buff pos:2079   seq:588 len:1164
buff pos:3249   seq:2758 len:923
buff pos:4178   seq:61 len:1272
buff pos:5456   seq:2724 len:939
buff pos:6401   seq:3007 len:1064
buff pos:7471   seq:2609 len:1152
buff pos reset, rest:541
buff pos:0      seq:1626 len:840
buff pos:846    seq:440 len:660
buff pos:1512   seq:1750 len:976
buff pos reset, rest:0
buff pos:0      seq:351 len:945
buff pos reset, rest:449
buff pos:0      seq:2840 len:907
buff pos:913    seq:2821 len:805
buff pos:1724   seq:207 len:790
buff pos reset, rest:729
buff pos:0      seq:1249 len:970
buff pos:976    seq:1863 len:998
buff pos:1980   seq:2655 len:770
buff pos reset, rest:773
buff pos:0      seq:2684 len:914
buff pos:920    seq:3037 len:728
buff pos:1654   seq:1772 len:941
buff pos reset, rest:972
buff pos:0      seq:2198 len:1208
buff pos:1214   seq:2277 len:1009
buff pos:2229   seq:2125 len:831
buff pos:3066   seq:425 len:659
buff pos reset, rest:41
buff pos:0      seq:41 len:723
buff pos:729    seq:808 len:1025
buff pos:1760   seq:503 len:716
buff pos reset, rest:359
buff pos:0      seq:55 len:1131
buff pos reset, rest:622
buff pos:0      seq:2788 len:1207
buff pos:1213   seq:1160 len:718
buff pos reset, rest:85
buff pos:0      seq:2353 len:817
buff pos:823    seq:692 len:739
buff pos:1568   seq:1255 len:894
buff pos reset, rest:417
buff pos:0      seq:1637 len:797
buff pos:803    seq:1664 len:809
buff pos:1618   seq:377 len:1124
buff pos reset, rest:469
buff pos:0      seq:1070 len:1255
buff pos:1261   seq:1225 len:788
buff pos:2055   seq:1099 len:660
buff pos:2721   seq:2672 len:1134
buff pos reset, rest:808
buff pos:0      seq:754 len:1164
buff pos:1170   seq:847 len:1155
buff pos:2331   seq:498 len:686
buff pos reset, rest:585
buff pos:0      seq:600 len:1273
buff pos:1279   seq:1931 len:645
buff pos:1930   seq:2522 len:1122
buff pos:3058   seq:583 len:728
buff pos reset, rest:0
buff pos:0      seq:238 len:977
buff pos:983    seq:1811 len:1002
buff pos:1991   seq:2990 len:649
buff pos reset, rest:154
buff pos:0      seq:268 len:987
buff pos:993    seq:840 len:814
buff pos:1813   seq:560 len:773
buff pos:2592   seq:428 len:990
buff pos:3588   seq:2475 len:1147
buff pos reset, rest:1013
buff pos:0      seq:664 len:1133
buff pos:1139   seq:86 len:738
buff pos:1883   seq:2481 len:1194
buff pos reset, rest:730
buff pos:0      seq:153 len:1016
buff pos:1022   seq:2032 len:673
buff pos reset, rest:429
buff pos:0      seq:2471 len:764
buff pos:770    seq:1457 len:644
buff pos:1420   seq:2056 len:1031
buff pos:2457   seq:2812 len:1231
buff pos:3694   seq:2358 len:733
buff pos:4433   seq:2291 len:847
buff pos:5286   seq:2310 len:1145
buff pos:6437   seq:912 len:780
buff pos:7223   seq:2427 len:1128
buff pos:8357   seq:157 len:1006
buff pos:9369   seq:1155 len:919
buff pos:10294  seq:631 len:1144
buff pos:11444  seq:1179 len:868
buff pos reset, rest:711
buff pos:0      seq:1673 len:833
buff pos:839    seq:352 len:942
buff pos reset, rest:324
buff pos:0      seq:871 len:775
buff pos:781    seq:2487 len:675
buff pos:1462   seq:60 len:753
buff pos reset, rest:903
buff pos:0      seq:1145 len:1222
buff pos:1228   seq:2562 len:654
buff pos reset, rest:415
buff pos:0      seq:488 len:705
buff pos:711    seq:2739 len:770
buff pos:1487   seq:723 len:1026
buff pos:2519   seq:2874 len:1049
buff pos:3574   seq:174 len:1250
buff pos reset, rest:583
buff pos:0      seq:10 len:675
buff pos:681    seq:2524 len:1185
buff pos:1872   seq:2595 len:843
buff pos:2721   seq:2987 len:984
buff pos:3711   seq:1163 len:747
buff pos:4464   seq:774 len:791
buff pos:5261   seq:974 len:898
buff pos:6165   seq:177 len:784
buff pos:6955   seq:591 len:1080
buff pos:8041   seq:1436 len:771
buff pos:8818   seq:413 len:1092
buff pos:9916   seq:2593 len:1184
buff pos:11106  seq:2770 len:1014
buff pos:12126  seq:2662 len:872
buff pos reset, rest:179
buff pos:0      seq:1439 len:896
buff pos:902    seq:292 len:735
buff pos:1643   seq:2074 len:1095
buff pos reset, rest:235
buff pos:0      seq:2738 len:656
buff pos:662    seq:2714 len:1278
buff pos reset, rest:1089
buff pos:0      seq:354 len:1135
buff pos:1141   seq:1843 len:802
buff pos reset, rest:540
buff pos:0      seq:2435 len:666
buff pos:672    seq:719 len:825
buff pos reset, rest:437
buff pos:0      seq:1836 len:821
buff pos reset, rest:1010
buff pos:0      seq:897 len:1098
buff pos:1104   seq:1308 len:917
buff pos:2027   seq:1283 len:654
buff pos:2687   seq:204 len:1049
buff pos reset, rest:68
buff pos:0      seq:1745 len:842
buff pos:848    seq:2067 len:1189
buff pos reset, rest:825
buff pos:0      seq:927 len:1162
buff pos:1168   seq:792 len:1136
buff pos:2310   seq:845 len:1148
buff pos:3464   seq:484 len:822
buff pos reset, rest:733
buff pos:0      seq:437 len:984
buff pos:990    seq:2341 len:1214
buff pos:2210   seq:1325 len:744
buff pos reset, rest:573
buff pos:0      seq:1592 len:1165
buff pos:1171   seq:659 len:789
buff pos:1966   seq:1562 len:829
buff pos:2801   seq:915 len:677
buff pos:3484   seq:566 len:763
buff pos reset, rest:520
buff pos:0      seq:2629 len:1029
buff pos:1035   seq:2183 len:1013
buff pos:2054   seq:2777 len:876
buff pos reset, rest:384
buff pos:0      seq:539 len:1112
buff pos:1118   seq:2467 len:1238
buff pos:2362   seq:1189 len:831
buff pos:3199   seq:106 len:1085
buff pos reset, rest:294
buff pos:0      seq:81 len:718
buff pos:724    seq:2251 len:708
buff pos:1438   seq:2345 len:689
buff pos:2133   seq:1027 len:690
buff pos reset, rest:265
buff pos:0      seq:1270 len:718
buff pos:724    seq:1294 len:749
buff pos:1479   seq:187 len:748
buff pos:2233   seq:2775 len:1073
buff pos:3312   seq:1875 len:819
buff pos:4137   seq:2179 len:994
buff pos reset, rest:728
buff pos:0      seq:3008 len:836
buff pos:842    seq:1278 len:738
buff pos:1586   seq:457 len:1238
buff pos reset, rest:698
buff pos:0      seq:2584 len:1087
buff pos:1093   seq:1460 len:707
buff pos:1806   seq:1361 len:1134
buff pos:2946   seq:2188 len:670
buff pos:3622   seq:322 len:929
buff pos:4557   seq:755 len:1109
buff pos reset, rest:626
buff pos:0      seq:2930 len:1229
buff pos:1235   seq:2760 len:1184
buff pos:2425   seq:540 len:972
buff pos reset, rest:23
buff pos:0      seq:466 len:1098
buff pos:1104   seq:2818 len:683
buff pos:1793   seq:1234 len:1130
buff pos:2929   seq:2726 len:796
buff pos:3731   seq:2619 len:1002
buff pos reset, rest:884
buff pos:0      seq:442 len:1279
buff pos:1285   seq:2181 len:882
buff pos reset, rest:111
buff pos:0      seq:1559 len:680
buff pos reset, rest:825
buff pos:0      seq:2376 len:827
buff pos:833    seq:1780 len:974
buff pos:1813   seq:2885 len:782
buff pos:2601   seq:2747 len:1248
buff pos:3855   seq:2033 len:1221
buff pos:5082   seq:1335 len:962
buff pos:6050   seq:2400 len:1073
buff pos:7129   seq:1395 len:1197
buff pos:8332   seq:1254 len:841
buff pos:9179   seq:518 len:675
buff pos:9860   seq:481 len:1004
buff pos:10870  seq:900 len:948
buff pos:11824  seq:1584 len:936
buff pos reset, rest:659
buff pos:0      seq:1914 len:1247
buff pos:1253   seq:2824 len:732
buff pos reset, rest:68
buff pos:0      seq:43 len:1271
buff pos reset, rest:191
buff pos:0      seq:1733 len:911
buff pos:917    seq:805 len:980
buff pos:1903   seq:625 len:789
buff pos reset, rest:293
buff pos:0      seq:492 len:871
buff pos:877    seq:2649 len:808
buff pos reset, rest:2
buff pos:0      seq:2790 len:1061
buff pos:1067   seq:608 len:735
buff pos:1808   seq:555 len:1076
buff pos:2890   seq:21 len:718
buff pos reset, rest:588
buff pos:0      seq:87 len:1028
buff pos:1034   seq:990 len:838
buff pos reset, rest:110
buff pos:0      seq:1691 len:1229
buff pos reset, rest:275
buff pos:0      seq:1135 len:1222
buff pos reset, rest:447
buff pos:0      seq:302 len:906
buff pos:912    seq:1006 len:840
buff pos reset, rest:89
buff pos:0      seq:1672 len:1263
buff pos:1269   seq:2635 len:1109
buff pos:2384   seq:287 len:966
buff pos reset, rest:933
buff pos:0      seq:1348 len:1183
buff pos:1189   seq:338 len:842
buff pos:2037   seq:186 len:1038
buff pos reset, rest:652
buff pos:0      seq:2111 len:831
buff pos:837    seq:335 len:971
buff pos reset, rest:238
buff pos:0      seq:1347 len:939
buff pos:945    seq:2719 len:939
buff pos:1890   seq:1897 len:844
buff pos:2740   seq:1069 len:900
buff pos:3646   seq:1217 len:1046
buff pos:4698   seq:633 len:683
buff pos reset, rest:451
buff pos:0      seq:2360 len:677
buff pos:683    seq:1635 len:948
buff pos:1637   seq:1646 len:768
buff pos reset, rest:840
buff pos:0      seq:2539 len:1127
buff pos:1133   seq:670 len:647
buff pos:1786   seq:1517 len:841
buff pos:2633   seq:1541 len:891
buff pos reset, rest:110
buff pos:0      seq:1589 len:821
buff pos:827    seq:2740 len:807
buff pos:1640   seq:35 len:1069
buff pos:2715   seq:2699 len:708
buff pos:3429   seq:386 len:1068
buff pos:4503   seq:2715 len:901
buff pos:5410   seq:1742 len:751
buff pos:6167   seq:1713 len:801
buff pos reset, rest:136
buff pos:0      seq:1043 len:794
buff pos:800    seq:1485 len:1271
buff pos:2077   seq:1600 len:863
buff pos:2946   seq:1458 len:1188
buff pos:4140   seq:2137 len:955
buff pos:5101   seq:1327 len:681
buff pos:5788   seq:2138 len:1010
buff pos:6804   seq:811 len:712
buff pos:7522   seq:684 len:703
buff pos:8231   seq:784 len:928
buff pos:9165   seq:1375 len:758
buff pos:9929   seq:137 len:692
buff pos:10627  seq:1074 len:1087
buff pos:11720  seq:2660 len:1187
buff pos:12913  seq:2328 len:824
buff pos:13743  seq:2808 len:1244
buff pos:14993  seq:2044 len:1185
buff pos reset, rest:336
buff pos:0      seq:559 len:1258
buff pos reset, rest:888
buff pos:0      seq:1363 len:1276
buff pos reset, rest:1006
buff pos:0      seq:371 len:1049
buff pos:1055   seq:2385 len:957
buff pos reset, rest:388
buff pos:0      seq:1183 len:766
buff pos:772    seq:401 len:698
buff pos:1476   seq:1581 len:1047
buff pos reset, rest:659
buff pos:0      seq:1209 len:1042
buff pos:1048   seq:997 len:1149
buff pos:2203   seq:1761 len:1058
buff pos reset, rest:192
buff pos:0      seq:2070 len:991
buff pos reset, rest:595
buff pos:0      seq:1352 len:679
buff pos:685    seq:1636 len:1144
buff pos:1835   seq:349 len:1218
buff pos:3059   seq:1680 len:1222
buff pos:4287   seq:2723 len:986
buff pos reset, rest:916
buff pos:0      seq:2203 len:1142
buff pos:1148   seq:2624 len:738
buff pos reset, rest:424
buff pos:0      seq:809 len:1127
buff pos reset, rest:691
buff pos:0      seq:1316 len:1096
buff pos:1102   seq:2254 len:847
buff pos reset, rest:136
buff pos:0      seq:2830 len:884
buff pos:890    seq:2357 len:654
buff pos:1550   seq:360 len:721
buff pos:2277   seq:2966 len:683
buff pos:2966   seq:1066 len:1101
buff pos:4073   seq:454 len:679
buff pos reset, rest:978
buff pos:0      seq:595 len:1120
buff pos:1126   seq:609 len:1072
buff pos:2204   seq:764 len:1168
buff pos:3378   seq:1493 len:1235
buff pos:4619   seq:65 len:1013
buff pos:5638   seq:2736 len:1244
buff pos:6888   seq:1291 len:858
buff pos:7752   seq:445 len:657
buff pos reset, rest:963
buff pos:0      seq:1934 len:1254
buff pos:1260   seq:448 len:1239
buff pos reset, rest:0
buff pos:0      seq:105 len:1137
buff pos:1143   seq:1889 len:724
buff pos:1873   seq:1419 len:672
buff pos reset, rest:249
buff pos:0      seq:2009 len:1245
buff pos:1251   seq:228 len:871
buff pos:2128   seq:1932 len:903
buff pos:3037   seq:1193 len:758
buff pos reset, rest:648
buff pos:0      seq:2636 len:1183
buff pos:1189   seq:1134 len:1031
buff pos:2226   seq:2115 len:713
buff pos:2945   seq:731 len:837
buff pos:3788   seq:1623 len:720
buff pos reset, rest:334
buff pos:0      seq:1796 len:693
buff pos:699    seq:2656 len:835
buff pos:1540   seq:3035 len:945
buff pos:2491   seq:599 len:962
buff pos reset, rest:1075
buff pos:0      seq:1773 len:1255
buff pos:1261   seq:2121 len:818
buff pos:2085   seq:1276 len:663
buff pos:2754   seq:2279 len:701
buff pos:3461   seq:1248 len:1279
buff pos:4746   seq:585 len:1234
buff pos:5986   seq:2240 len:1169
buff pos:7161   seq:2725 len:964
buff pos:8131   seq:2187 len:853
buff pos:8990   seq:18 len:1127
buff pos:10123  seq:1037 len:679
buff pos:10808  seq:136 len:861
buff pos reset, rest:600
buff pos:0      seq:229 len:991
buff pos:997    seq:2313 len:724
buff pos:1727   seq:2768 len:1260
buff pos:2993   seq:2563 len:952
buff pos reset, rest:576
buff pos:0      seq:691 len:916
buff pos:922    seq:2319 len:665
buff pos reset, rest:383
buff pos:0      seq:3022 len:1128
buff pos reset, rest:649
buff pos:0      seq:331 len:1030
buff pos:1036   seq:2489 len:854
buff pos:1896   seq:1317 len:1170
buff pos reset, rest:377
buff pos:0      seq:2928 len:782
buff pos:788    seq:2152 len:1181
buff pos:1975   seq:596 len:889
buff pos:2870   seq:866 len:1157
buff pos:4033   seq:489 len:1257
buff pos:5296   seq:2288 len:903
buff pos:6205   seq:2019 len:865
buff pos reset, rest:301
buff pos:0      seq:2618 len:1102
buff pos reset, rest:593
buff pos:0      seq:801 len:677
buff pos:683    seq:590 len:1268
buff pos reset, rest:36
buff pos:0      seq:2091 len:827
buff pos reset, rest:603
buff pos:0      seq:1834 len:651
buff pos:657    seq:2882 len:905
buff pos:1568   seq:2682 len:1134
buff pos reset, rest:695
buff pos:0      seq:2640 len:940
buff pos:946    seq:373 len:1095
buff pos:2047   seq:1553 len:796
buff pos reset, rest:646
buff pos:0      seq:2816 len:934
buff pos:940    seq:2783 len:770
buff pos:1716   seq:2381 len:716
buff pos:2438   seq:1329 len:744
buff pos reset, rest:258
buff pos:0      seq:1710 len:885
buff pos:891    seq:799 len:655
buff pos:1552   seq:1157 len:1253
buff pos reset, rest:247
buff pos:0      seq:841 len:673
buff pos:679    seq:1415 len:1151
buff pos:1836   seq:1845 len:1134
buff pos:2976   seq:1305 len:770
buff pos:3752   seq:2802 len:643
buff pos:4401   seq:2937 len:694
buff pos:5101   seq:944 len:1027
buff pos:6134   seq:1147 len:1021
buff pos reset, rest:86
buff pos:0      seq:2320 len:853
buff pos reset, rest:627
buff pos:0      seq:1987 len:1113
buff pos reset, rest:908
buff pos:0      seq:2941 len:1022
buff pos:1028   seq:772 len:764
buff pos:1798   seq:36 len:926
buff pos:2730   seq:2459 len:1121
buff pos:3857   seq:2394 len:657
buff pos reset, rest:588
buff pos:0      seq:2576 len:1177
buff pos:1183   seq:3016 len:1167
buff pos reset, rest:1032
buff pos:0      seq:1797 len:1210
buff pos:1216   seq:464 len:1046
buff pos reset, rest:164
buff pos:0      seq:1650 len:888
buff pos:894    seq:2773 len:778
buff pos:1678   seq:323 len:1108
buff pos reset, rest:172
buff pos:0      seq:999 len:797
buff pos reset, rest:769
buff pos:0      seq:696 len:918
buff pos:924    seq:406 len:837
buff pos:1767   seq:123 len:801
buff pos:2574   seq:1462 len:717
buff pos reset, rest:272
buff pos:0      seq:573 len:673
buff pos:679    seq:1935 len:731
buff pos:1416   seq:2174 len:1079
buff pos reset, rest:571
buff pos:0      seq:1188 len:1136
buff pos:1142   seq:116 len:677
buff pos:1825   seq:353 len:1082
buff pos:2913   seq:2879 len:1172
buff pos:4091   seq:461 len:744
buff pos:4841   seq:615 len:782
buff pos:5629   seq:2871 len:706
buff pos:6341   seq:766 len:857
buff pos reset, rest:367
buff pos:0      seq:2243 len:859
buff pos reset, rest:902
buff pos:0      seq:2233 len:937
buff pos:943    seq:1060 len:1223
buff pos reset, rest:130
buff pos:0      seq:748 len:656
buff pos:662    seq:1020 len:1048
buff pos:1716   seq:215 len:641
buff pos:2363   seq:2857 len:876
buff pos:3245   seq:184 len:894
buff pos reset, rest:185
buff pos:0      seq:1275 len:677
buff pos:683    seq:532 len:1060
buff pos:1749   seq:552 len:1127
buff pos:2882   seq:1504 len:643
buff pos reset, rest:854
buff pos:0      seq:2290 len:1264
buff pos:1270   seq:1282 len:871
buff pos:2147   seq:54 len:769
buff pos:2922   seq:689 len:866
buff pos:3794   seq:1054 len:800
buff pos reset, rest:454
buff pos:0      seq:945 len:691
buff pos:697    seq:1905 len:1165
buff pos:1868   seq:383 len:725
buff pos:2599   seq:1238 len:1044
buff pos:3649   seq:2688 len:950
buff pos reset, rest:49
buff pos:0      seq:1518 len:1271
buff pos:1277   seq:1387 len:667
buff pos reset, rest:899
buff pos:0      seq:891 len:1175
buff pos:1181   seq:12 len:675
buff pos:1862   seq:380 len:931
buff pos:2799   seq:348 len:740
buff pos:3545   seq:988 len:1267
buff pos:4818   seq:278 len:791
buff pos:5615   seq:2139 len:1252
buff pos:6873   seq:1377 len:862
buff pos reset, rest:158
buff pos:0      seq:200 len:861
buff pos:867    seq:3012 len:816
buff pos:1689   seq:2896 len:823
buff pos:2518   seq:402 len:1081
buff pos reset, rest:753
buff pos:0      seq:1277 len:1097
buff pos:1103   seq:63 len:906
buff pos:2015   seq:26 len:1241
buff pos reset, rest:291
buff pos:0      seq:980 len:1260
buff pos reset, rest:425
buff pos:0      seq:825 len:824
buff pos:830    seq:1826 len:969
buff pos reset, rest:20
buff pos:0      seq:563 len:801
buff pos reset, rest:613
buff pos:0      seq:76 len:1242
buff pos:1248   seq:2661 len:920
buff pos:2174   seq:582 len:764
buff pos:2944   seq:822 len:667
buff pos reset, rest:1196
buff pos:0      seq:1095 len:1244
buff pos:1250   seq:1744 len:1267
buff pos reset, rest:73
buff pos:0      seq:2608 len:831
buff pos:837    seq:78 len:845
buff pos:1688   seq:1928 len:834
buff pos reset, rest:345
buff pos:0      seq:1016 len:1261
buff pos:1267   seq:1522 len:1007
buff pos reset, rest:865
buff pos:0      seq:858 len:1227
buff pos:1233   seq:2560 len:1046
buff pos:2285   seq:1259 len:1125
buff pos reset, rest:249
buff pos:0      seq:2809 len:1166
buff pos:1172   seq:3040 len:803
buff pos:1981   seq:1638 len:888
buff pos reset, rest:174
buff pos:0      seq:2105 len:872
buff pos:878    seq:700 len:1190
buff pos:2074   seq:2212 len:1068
buff pos:3148   seq:1978 len:1073
buff pos:4227   seq:1900 len:1213
buff pos reset, rest:328
buff pos:0      seq:839 len:889
buff pos:895    seq:813 len:1210
buff pos:2111   seq:812 len:1182
buff pos:3299   seq:1201 len:898
buff pos:4203   seq:2066 len:891
buff pos:5100   seq:2366 len:1076
buff pos:6182   seq:1085 len:762
buff pos reset, rest:378
buff pos:0      seq:2700 len:678
buff pos reset, rest:1094
buff pos:0      seq:2668 len:1103
buff pos:1109   seq:530 len:774
buff pos:1889   seq:567 len:809
buff pos:2704   seq:446 len:879
buff pos:3589   seq:639 len:1011
buff pos:4606   seq:68 len:974
buff pos:5586   seq:2889 len:703
buff pos reset, rest:399
buff pos:0      seq:435 len:684
buff pos:690    seq:2338 len:696
buff pos:1392   seq:658 len:1193
buff pos reset, rest:608
buff pos:0      seq:340 len:887
buff pos:893    seq:2451 len:1176
buff pos:2075   seq:687 len:857
buff pos:2938   seq:188 len:994
buff pos:3938   seq:1632 len:1140
buff pos:5084   seq:80 len:981
buff pos reset, rest:137
buff pos:0      seq:1222 len:1206
buff pos reset, rest:325
buff pos:0      seq:2211 len:850
buff pos reset, rest:869
buff pos:0      seq:2258 len:984
buff pos:990    seq:855 len:1165
buff pos:2161   seq:2951 len:1129
buff pos:3296   seq:29 len:906
buff pos:4208   seq:2815 len:1163
buff pos reset, rest:1092
buff pos:0      seq:1002 len:1116
buff pos:1122   seq:99 len:931
buff pos reset, rest:433
buff pos:0      seq:1030 len:700
buff pos:706    seq:1700 len:1081
buff pos reset, rest:40
buff pos:0      seq:1077 len:855
buff pos reset, rest:579
buff pos:0      seq:469 len:826
buff pos:832    seq:2854 len:838
buff pos:1676   seq:2049 len:1177
buff pos reset, rest:520
buff pos:0      seq:1798 len:1115
buff pos:1121   seq:1492 len:725
buff pos reset, rest:0
payload size:3041 last seq:3041
save bytes:2906111
